[Sat Aug 09 16:58:59.687338 2025] [ssl:warn] [pid 13792:tid 500] AH01909: www.example.com:443:0 server certificate does NOT include an ID which matches the server name
[Sat Aug 09 16:58:59.778812 2025] [ssl:warn] [pid 13792:tid 500] AH01909: www.example.com:443:0 server certificate does NOT include an ID which matches the server name
[Sat Aug 09 16:58:59.839706 2025] [mpm_winnt:notice] [pid 13792:tid 500] AH00455: Apache/2.4.58 (Win64) OpenSSL/3.1.3 PHP/8.0.30 configured -- resuming normal operations
[Sat Aug 09 16:58:59.839706 2025] [mpm_winnt:notice] [pid 13792:tid 500] AH00456: Apache Lounge VS17 Server built: Oct 18 2023 13:03:18
[Sat Aug 09 16:58:59.840731 2025] [core:notice] [pid 13792:tid 500] AH00094: Command line: 'c:\\app\\xampp\\apache\\bin\\httpd.exe -d C:/app/xampp/apache'
[Sat Aug 09 16:58:59.852468 2025] [mpm_winnt:notice] [pid 13792:tid 500] AH00418: Parent: Created child process 18608
[Sat Aug 09 16:59:00.736968 2025] [ssl:warn] [pid 18608:tid 560] AH01909: www.example.com:443:0 server certificate does NOT include an ID which matches the server name
[Sat Aug 09 16:59:00.826848 2025] [ssl:warn] [pid 18608:tid 560] AH01909: www.example.com:443:0 server certificate does NOT include an ID which matches the server name
[Sat Aug 09 16:59:00.870711 2025] [mpm_winnt:notice] [pid 18608:tid 560] AH00354: Child: Starting 150 worker threads.
[Sat Aug 09 17:10:20.366476 2025] [ssl:warn] [pid 31476:tid 524] AH01909: www.example.com:443:0 server certificate does NOT include an ID which matches the server name
[Sat Aug 09 17:10:20.457030 2025] [core:warn] [pid 31476:tid 524] AH00098: pid file C:/app/xampp/apache/logs/httpd.pid overwritten -- Unclean shutdown of previous Apache run?
[Sat Aug 09 17:10:20.461163 2025] [ssl:warn] [pid 31476:tid 524] AH01909: www.example.com:443:0 server certificate does NOT include an ID which matches the server name
[Sat Aug 09 17:10:20.531419 2025] [mpm_winnt:notice] [pid 31476:tid 524] AH00455: Apache/2.4.58 (Win64) OpenSSL/3.1.3 PHP/8.0.30 configured -- resuming normal operations
[Sat Aug 09 17:10:20.531419 2025] [mpm_winnt:notice] [pid 31476:tid 524] AH00456: Apache Lounge VS17 Server built: Oct 18 2023 13:03:18
[Sat Aug 09 17:10:20.531419 2025] [core:notice] [pid 31476:tid 524] AH00094: Command line: 'c:\\app\\xampp\\apache\\bin\\httpd.exe -d C:/app/xampp/apache'
[Sat Aug 09 17:10:20.542867 2025] [mpm_winnt:notice] [pid 31476:tid 524] AH00418: Parent: Created child process 23076
[Sat Aug 09 17:10:21.436080 2025] [ssl:warn] [pid 23076:tid 496] AH01909: www.example.com:443:0 server certificate does NOT include an ID which matches the server name
[Sat Aug 09 17:10:21.523001 2025] [ssl:warn] [pid 23076:tid 496] AH01909: www.example.com:443:0 server certificate does NOT include an ID which matches the server name
[Sat Aug 09 17:10:21.571157 2025] [mpm_winnt:notice] [pid 23076:tid 496] AH00354: Child: Starting 150 worker threads.
[Sat Aug 09 17:15:49.911165 2025] [php:error] [pid 23076:tid 1940] [client ::1:64131] PHP Fatal error:  Uncaught Error: mysqli object is already closed in C:\\app\\xampp\\htdocs\\mv\\Multivendor-master\\system\\library\\db\\mysqli.php:10\nStack trace:\n#0 C:\\app\\xampp\\htdocs\\mv\\Multivendor-master\\install\\controller\\install\\step_3.php(315): DB\\MySQLi->__construct('localhost', 'root', '12345678', 'mv', '3306')\n#1 C:\\app\\xampp\\htdocs\\mv\\Multivendor-master\\install\\controller\\install\\step_3.php(8): ControllerInstallStep3->validate()\n#2 C:\\app\\xampp\\htdocs\\mv\\Multivendor-master\\system\\storage\\modification\\system\\engine\\action.php(79): ControllerInstallStep3->index()\n#3 C:\\app\\xampp\\htdocs\\mv\\Multivendor-master\\system\\engine\\router.php(67): Action->execute(Object(Registry))\n#4 C:\\app\\xampp\\htdocs\\mv\\Multivendor-master\\system\\engine\\router.php(56): Router->execute(Object(Action))\n#5 C:\\app\\xampp\\htdocs\\mv\\Multivendor-master\\system\\framework.php(168): Router->dispatch(Object(Action), Object(Action))\n#6 C:\\app\\xampp\\htdocs\\mv\\Multivendor-master\\system\\startup.php(104): require_once('C:\\\\app\\\\xampp\\\\ht...')\n#7 C:\\app\\xampp\\htdocs\\mv\\Multivendor-master\\install\\index.php(37): start('install')\n#8 {main}\n  thrown in C:\\app\\xampp\\htdocs\\mv\\Multivendor-master\\system\\library\\db\\mysqli.php on line 10, referer: http://localhost/mv/Multivendor-master/install/index.php?route=install/step_3
[Sat Aug 09 17:18:00.898013 2025] [php:error] [pid 23076:tid 1920] [client ::1:64152] PHP Fatal error:  Uncaught Error: mysqli object is already closed in C:\\app\\xampp\\htdocs\\mv\\Multivendor-master\\system\\library\\db\\mysqli.php:10\nStack trace:\n#0 C:\\app\\xampp\\htdocs\\mv\\Multivendor-master\\install\\controller\\install\\step_3.php(315): DB\\MySQLi->__construct('localhost', 'root', '12345678', 'mv', '3306')\n#1 C:\\app\\xampp\\htdocs\\mv\\Multivendor-master\\install\\controller\\install\\step_3.php(8): ControllerInstallStep3->validate()\n#2 C:\\app\\xampp\\htdocs\\mv\\Multivendor-master\\system\\storage\\modification\\system\\engine\\action.php(79): ControllerInstallStep3->index()\n#3 C:\\app\\xampp\\htdocs\\mv\\Multivendor-master\\system\\engine\\router.php(67): Action->execute(Object(Registry))\n#4 C:\\app\\xampp\\htdocs\\mv\\Multivendor-master\\system\\engine\\router.php(56): Router->execute(Object(Action))\n#5 C:\\app\\xampp\\htdocs\\mv\\Multivendor-master\\system\\framework.php(168): Router->dispatch(Object(Action), Object(Action))\n#6 C:\\app\\xampp\\htdocs\\mv\\Multivendor-master\\system\\startup.php(104): require_once('C:\\\\app\\\\xampp\\\\ht...')\n#7 C:\\app\\xampp\\htdocs\\mv\\Multivendor-master\\install\\index.php(37): start('install')\n#8 {main}\n  thrown in C:\\app\\xampp\\htdocs\\mv\\Multivendor-master\\system\\library\\db\\mysqli.php on line 10, referer: http://localhost/mv/Multivendor-master/install/index.php?route=install/step_3
[Wed Aug 13 17:16:21.393270 2025] [ssl:warn] [pid 2724:tid 488] AH01909: www.example.com:443:0 server certificate does NOT include an ID which matches the server name
[Wed Aug 13 17:16:21.471773 2025] [core:warn] [pid 2724:tid 488] AH00098: pid file C:/app/xampp/apache/logs/httpd.pid overwritten -- Unclean shutdown of previous Apache run?
[Wed Aug 13 17:16:21.476779 2025] [ssl:warn] [pid 2724:tid 488] AH01909: www.example.com:443:0 server certificate does NOT include an ID which matches the server name
[Wed Aug 13 17:16:22.249029 2025] [mpm_winnt:notice] [pid 2724:tid 488] AH00455: Apache/2.4.58 (Win64) OpenSSL/3.1.3 PHP/8.0.30 configured -- resuming normal operations
[Wed Aug 13 17:16:22.249029 2025] [mpm_winnt:notice] [pid 2724:tid 488] AH00456: Apache Lounge VS17 Server built: Oct 18 2023 13:03:18
[Wed Aug 13 17:16:22.249029 2025] [core:notice] [pid 2724:tid 488] AH00094: Command line: 'c:\\app\\xampp\\apache\\bin\\httpd.exe -d C:/app/xampp/apache'
[Wed Aug 13 17:16:22.259974 2025] [mpm_winnt:notice] [pid 2724:tid 488] AH00418: Parent: Created child process 36420
[Wed Aug 13 17:16:22.912271 2025] [ssl:warn] [pid 36420:tid 492] AH01909: www.example.com:443:0 server certificate does NOT include an ID which matches the server name
[Wed Aug 13 17:16:22.989224 2025] [ssl:warn] [pid 36420:tid 492] AH01909: www.example.com:443:0 server certificate does NOT include an ID which matches the server name
[Wed Aug 13 17:16:23.034180 2025] [mpm_winnt:notice] [pid 36420:tid 492] AH00354: Child: Starting 150 worker threads.
[Wed Aug 13 20:16:15.046613 2025] [mpm_winnt:crit] [pid 36420:tid 492] AH02538: Child: Parent process exited abruptly. Child process is ending
